<?xml version="1.0" encoding="UTF-8"?>
<testng-results ignored="0" total="1" passed="1" failed="0" skipped="0">
  <reporter-output>
  </reporter-output>
  <suite started-at="2025-02-12T19:23:06 IST" name="Default suite" finished-at="2025-02-12T19:23:06 IST" duration-ms="78">
    <groups>
    </groups>
    <test started-at="2025-02-12T19:23:06 IST" name="Default test" finished-at="2025-02-12T19:23:06 IST" duration-ms="78">
      <class name="testng_cases.Tetst_exam">
        <test-method is-config="true" signature="login()[pri:0, instance:testng_cases.Tetst_exam@7b2bbc3]" started-at="2025-02-12T19:23:06 IST" name="login" finished-at="2025-02-12T19:23:06 IST" duration-ms="11" status="PASS">
          <reporter-output>
          </reporter-output>
        </test-method> <!-- login -->
        <test-method is-config="true" signature="search()[pri:0, instance:testng_cases.Tetst_exam@7b2bbc3]" started-at="2025-02-12T19:23:06 IST" name="search" finished-at="2025-02-12T19:23:06 IST" duration-ms="1" status="PASS">
          <reporter-output>
          </reporter-output>
        </test-method> <!-- search -->
        <test-method signature="advance_search()[pri:0, instance:testng_cases.Tetst_exam@7b2bbc3]" started-at="2025-02-12T19:23:06 IST" name="advance_search" finished-at="2025-02-12T19:23:06 IST" duration-ms="14" status="PASS">
          <reporter-output>
          </reporter-output>
        </test-method> <!-- advance_search -->
        <test-method is-config="true" signature="logout()[pri:0, instance:testng_cases.Tetst_exam@7b2bbc3]" started-at="2025-02-12T19:23:06 IST" name="logout" finished-at="2025-02-12T19:23:06 IST" duration-ms="1" status="PASS">
          <reporter-output>
          </reporter-output>
        </test-method> <!-- logout -->
      </class> <!-- testng_cases.Tetst_exam -->
    </test> <!-- Default test -->
  </suite> <!-- Default suite -->
</testng-results>
